<?xml version="1.0" encoding="UTF-8"?>
<testsuite name="chessGame.ChessBoardTest" tests="14" skipped="0" failures="0" errors="0" timestamp="2018-09-21T10:23:36" hostname="chaegyunui-MBP" time="0.078">
  <properties/>
  <testcase name="checkMateTest" classname="chessGame.ChessBoardTest" time="0.041"/>
  <testcase name="initPositionTest_black" classname="chessGame.ChessBoardTest" time="0.005"/>
  <testcase name="initPositionTest_white" classname="chessGame.ChessBoardTest" time="0.004"/>
  <testcase name="moveKing_fail_1" classname="chessGame.ChessBoardTest" time="0.005"/>
  <testcase name="moveKing_fail_2" classname="chessGame.ChessBoardTest" time="0.003"/>
  <testcase name="attackCheck" classname="chessGame.ChessBoardTest" time="0.003"/>
  <testcase name="movePawn_first_success_1" classname="chessGame.ChessBoardTest" time="0.001"/>
  <testcase name="movePawn_first_success_2" classname="chessGame.ChessBoardTest" time="0.002"/>
  <testcase name="movePawn_first_success_3" classname="chessGame.ChessBoardTest" time="0.002"/>
  <testcase name="movePawn_first_success_4" classname="chessGame.ChessBoardTest" time="0.001"/>
  <testcase name="gameEnd" classname="chessGame.ChessBoardTest" time="0.002"/>
  <testcase name="moveKing" classname="chessGame.ChessBoardTest" time="0.001"/>
  <testcase name="movePawn_first_fail_2" classname="chessGame.ChessBoardTest" time="0.0"/>
  <testcase name="movePawn_first_fail_3" classname="chessGame.ChessBoardTest" time="0.0"/>
  <system-out><![CDATA[[UnitInfo{alive=true, pieceName=KING, player=WHITE, presentPosition=(6, b), countOfAction=0}
, UnitInfo{alive=true, pieceName=KNIGHT, player=WHITE, presentPosition=(1, g), countOfAction=0}
, UnitInfo{alive=true, pieceName=KING, player=BLACK, presentPosition=(3, b), countOfAction=0}
, UnitInfo{alive=true, pieceName=KNIGHT, player=WHITE, presentPosition=(1, c), countOfAction=0}
]
체크 메이트 입니다.
BLACK 유저가 PAWN 을 옮겼습니다. (7, e) -> (5, e)
BLACK의 PAWN가 WHITE의 PAWN에 의해 공격 당했습니다.
WHITE 유저가 PAWN 을 옮겼습니다. (3, d) -> (4, c)
BLACK 유저가 PAWN 을 옮겼습니다. (7, e) -> (5, e)
BLACK 유저가 PAWN 을 옮겼습니다. (7, e) -> (5, e)
BLACK 유저가 PAWN 을 옮겼습니다. (5, e) -> (4, e)
WHITE 유저가 PAWN 을 옮겼습니다. (2, e) -> (4, e)
BLACK 유저가 PAWN 을 옮겼습니다. (7, e) -> (6, e)
BLACK의 KING가 WHITE의 KNIGHT에 의해 공격 당했습니다.
WHITE 유저가 KNIGHT 을 옮겼습니다. (1, c) -> (3, b)
더 이상 왕이 없습니다.
게임이 종료되었습니다.
BLACK 유저가 PAWN 을 옮겼습니다. (7, e) -> (5, e)
BLACK 유저가 KING 을 옮겼습니다. (8, e) -> (7, e)
]]></system-out>
  <system-err><![CDATA[]]></system-err>
</testsuite>
