<?xml version="1.0" encoding="UTF-8"?>
<testsuite name="pieces.unitInfo.RookInfoTest" tests="3" skipped="0" failures="0" errors="0" timestamp="2018-09-21T09:11:50" hostname="chaegyunui-MBP" time="0.014">
  <properties/>
  <testcase name="directionConditionCheck_1" classname="pieces.unitInfo.RookInfoTest" time="0.013"/>
  <testcase name="directionConditionCheck_fail" classname="pieces.unitInfo.RookInfoTest" time="0.001"/>
  <testcase name="directionConditionCheck_fail_2" classname="pieces.unitInfo.RookInfoTest" time="0.0"/>
  <system-out><![CDATA[]]></system-out>
  <system-err><![CDATA[]]></system-err>
</testsuite>
