<?xml version="1.0" encoding="UTF-8"?>
<testsuite name="pieces.unitInfo.BishopInfoTest" tests="2" skipped="0" failures="0" errors="0" timestamp="2018-09-21T10:23:35" hostname="chaegyunui-MBP" time="0.001">
  <properties/>
  <testcase name="directionConditionCheck" classname="pieces.unitInfo.BishopInfoTest" time="0.001"/>
  <testcase name="directionConditionCheck_fail" classname="pieces.unitInfo.BishopInfoTest" time="0.0"/>
  <system-out><![CDATA[]]></system-out>
  <system-err><![CDATA[]]></system-err>
</testsuite>
