<?xml version="1.0" encoding="UTF-8"?>
<testsuite name="pieces.unitInfo.PawnInfoTest" tests="4" skipped="0" failures="0" errors="0" timestamp="2018-09-21T10:23:35" hostname="chaegyunui-MBP" time="0.629">
  <properties/>
  <testcase name="directionConditionCheck_2" classname="pieces.unitInfo.PawnInfoTest" time="0.617"/>
  <testcase name="directionConditionCheck_3" classname="pieces.unitInfo.PawnInfoTest" time="0.001"/>
  <testcase name="directionConditionCheck_4" classname="pieces.unitInfo.PawnInfoTest" time="0.001"/>
  <testcase name="directionConditionCheck_5" classname="pieces.unitInfo.PawnInfoTest" time="0.009"/>
  <system-out><![CDATA[]]></system-out>
  <system-err><![CDATA[]]></system-err>
</testsuite>
