<?xml version="1.0" encoding="UTF-8"?>
<testsuite name="pieces.coordinate.CoordinateTest" tests="4" skipped="0" failures="0" errors="0" timestamp="2018-09-21T09:11:51" hostname="chaegyunui-MBP" time="0.002">
  <properties/>
  <testcase name="makeOthogonal_1" classname="pieces.coordinate.CoordinateTest" time="0.0"/>
  <testcase name="makeOthogonal_2" classname="pieces.coordinate.CoordinateTest" time="0.0"/>
  <testcase name="makeOthogonal_3" classname="pieces.coordinate.CoordinateTest" time="0.001"/>
  <testcase name="makeDiagonal" classname="pieces.coordinate.CoordinateTest" time="0.0"/>
  <system-out><![CDATA[]]></system-out>
  <system-err><![CDATA[]]></system-err>
</testsuite>
