<?xml version="1.0" encoding="UTF-8"?>
<testsuite name="pieces.unitInfo.KnightInfoTest" tests="1" skipped="0" failures="0" errors="0" timestamp="2018-09-21T09:11:51" hostname="chaegyunui-MBP" time="0.0">
  <properties/>
  <testcase name="directionConditionCheck" classname="pieces.unitInfo.KnightInfoTest" time="0.0"/>
  <system-out><![CDATA[]]></system-out>
  <system-err><![CDATA[]]></system-err>
</testsuite>
